2021-11-09 18:22:37,670 [restartedMain] INFO  NacosConfigPropertiesUtils - nacosConfigProperties : NacosConfigProperties{serverAddr='192.168.217.132:8848', contextPath='null', encode='null', endpoint='null', namespace='null', accessKey='null', secretKey='null', ramRoleName='null', autoRefresh=false, dataId='null', dataIds='null', group='DEFAULT_GROUP', type=null, maxRetry='null', configLongPollTimeout='null', configRetryTime='null', enableRemoteSyncConfig=false, extConfig=[], bootstrap=Bootstrap{enable=false, logEnable=false}}
2021-11-09 18:22:37,690 [restartedMain] INFO  NacosConfigApplicationContextInitializer - [Nacos Config Boot] : The preload configuration is not enabled
2021-11-09 18:22:37,699 [restartedMain] INFO  AccserversApplication - Starting AccserversApplication on LAPTOP-3DAK1QED with PID 13744 (D:\ideaworkspace\myspringboot\target\classes started by 86152 in D:\ideaworkspace\myspringboot)
2021-11-09 18:22:37,700 [restartedMain] INFO  AccserversApplication - No active profile set, falling back to default profiles: default
2021-11-09 18:22:37,753 [restartedMain] INFO  DevToolsPropertyDefaultsPostProcessor - Devtools property defaults active! Set 'spring.devtools.add-properties' to 'false' to disable
2021-11-09 18:22:37,753 [restartedMain] INFO  DevToolsPropertyDefaultsPostProcessor - For additional web related logging consider setting the 'logging.level.web' property to 'DEBUG'
2021-11-09 18:22:38,970 [restartedMain] INFO  Reflections - Reflections took 33 ms to scan 1 urls, producing 3 keys and 6 values 
2021-11-09 18:22:39,006 [restartedMain] INFO  Reflections - Reflections took 16 ms to scan 1 urls, producing 4 keys and 9 values 
2021-11-09 18:22:39,024 [restartedMain] INFO  Reflections - Reflections took 14 ms to scan 1 urls, producing 3 keys and 10 values 
2021-11-09 18:22:39,227 [restartedMain] INFO  Reflections - Reflections took 198 ms to scan 183 urls, producing 0 keys and 0 values 
2021-11-09 18:22:39,240 [restartedMain] INFO  Reflections - Reflections took 12 ms to scan 1 urls, producing 1 keys and 5 values 
2021-11-09 18:22:39,257 [restartedMain] INFO  Reflections - Reflections took 13 ms to scan 1 urls, producing 1 keys and 7 values 
2021-11-09 18:22:39,275 [restartedMain] INFO  Reflections - Reflections took 13 ms to scan 1 urls, producing 2 keys and 8 values 
2021-11-09 18:22:39,474 [restartedMain] INFO  Reflections - Reflections took 195 ms to scan 183 urls, producing 0 keys and 0 values 
2021-11-09 18:22:42,395 [restartedMain] INFO  RepositoryConfigurationDelegate - Multiple Spring Data modules found, entering strict repository configuration mode!
2021-11-09 18:22:42,398 [restartedMain] INFO  RepositoryConfigurationDelegate - Bootstrapping Spring Data repositories in DEFAULT mode.
2021-11-09 18:22:42,469 [restartedMain] INFO  RepositoryConfigurationDelegate - Finished Spring Data repository scanning in 57ms. Found 0 repository interfaces.
2021-11-09 18:22:42,838 [restartedMain] INFO  PostProcessorRegistrationDelegate$BeanPostProcessorChecker - Bean 'org.springframework.transaction.annotation.ProxyTransactionManagementConfiguration' of type [org.springframework.transaction.annotation.ProxyTransactionManagementConfiguration$$EnhancerBySpringCGLIB$$44674f0] is not eligible for getting processed by all BeanPostProcessors (for example: not eligible for auto-proxying)
2021-11-09 18:22:43,436 [restartedMain] INFO  TomcatWebServer - Tomcat initialized with port(s): 8099 (http)
2021-11-09 18:22:43,454 [restartedMain] INFO  Http11NioProtocol - Initializing ProtocolHandler ["http-nio-8099"]
2021-11-09 18:22:43,464 [restartedMain] INFO  StandardService - Starting service [Tomcat]
2021-11-09 18:22:43,465 [restartedMain] INFO  StandardEngine - Starting Servlet engine: [Apache Tomcat/9.0.24]
2021-11-09 18:22:43,700 [restartedMain] INFO  [/] - Initializing Spring embedded WebApplicationContext
2021-11-09 18:22:43,700 [restartedMain] INFO  ContextLoader - Root WebApplicationContext: initialization completed in 5947 ms
2021-11-09 18:22:44,390 [restartedMain] WARN  HikariConfig - {} - idleTimeout has been set but has no effect because the pool is operating as a fixed size pool.
2021-11-09 18:22:44,393 [restartedMain] INFO  HikariDataSource - HikariPool-1 - Starting...
2021-11-09 18:22:44,556 [restartedMain] INFO  HikariDataSource - HikariPool-1 - Start completed.
2021-11-09 18:22:44,882 [restartedMain] INFO  ThreadPoolTaskExecutor - Initializing ExecutorService
2021-11-09 18:22:46,220 [restartedMain] INFO  ThreadPoolTaskExecutor - Initializing ExecutorService 'applicationTaskExecutor'
2021-11-09 18:22:47,503 [restartedMain] INFO  OptionalLiveReloadServer - LiveReload server is running on port 35729
2021-11-09 18:22:47,523 [restartedMain] INFO  EndpointLinksResolver - Exposing 2 endpoint(s) beneath base path '/actuator'
2021-11-09 18:22:47,612 [restartedMain] INFO  LoggingNacosConfigMetadataEventListener - Nacos Config Metadata : dataId='accservers', groupId='DEFAULT_GROUP', beanName='accserversApplication', bean='null', beanType='class com.yloonspring.accservers.AccserversApplication', annotatedElement='null', xmlResource='null', nacosProperties='{serverAddr=192.168.217.132:8848, encode=UTF-8, enableRemoteSyncConfig=false}', nacosPropertiesAttributes='{encode=${nacos.encode:UTF-8}, namespace=${nacos.namespace:}, password=${nacos.password:}, endpoint=${nacos.endpoint:}, configLongPollTimeout=${nacos.configLongPollTimeout:}, enableRemoteSyncConfig=${nacos.enableRemoteSyncConfig:}, maxRetry=${nacos.maxRetry:}, username=${nacos.username:}, contextPath=${nacos.context-path:}, accessKey=${nacos.access-key:}, secretKey=${nacos.secret-key:}, serverAddr=${nacos.server-addr:}, configRetryTime=${nacos.configRetryTime:}, clusterName=${nacos.cluster-name:}}', source='org.springframework.core.type.StandardAnnotationMetadata@75a3f7a4', timestamp='1636453362238'
2021-11-09 18:22:47,629 [restartedMain] INFO  Http11NioProtocol - Starting ProtocolHandler ["http-nio-8099"]
2021-11-09 18:22:47,645 [restartedMain] INFO  TomcatWebServer - Tomcat started on port(s): 8099 (http) with context path ''
2021-11-09 18:22:47,649 [restartedMain] INFO  AccserversApplication - Started AccserversApplication in 10.735 seconds (JVM running for 14.229)
2021-11-09 18:22:48,521 [RMI TCP Connection(2)-192.168.217.1] INFO  [/] - Initializing Spring DispatcherServlet 'dispatcherServlet'
2021-11-09 18:22:48,521 [RMI TCP Connection(2)-192.168.217.1] INFO  DispatcherServlet - Initializing Servlet 'dispatcherServlet'
2021-11-09 18:22:48,545 [RMI TCP Connection(2)-192.168.217.1] INFO  DispatcherServlet - Completed initialization in 23 ms
2021-11-09 18:22:48,719 [parallel-1] INFO  EpollProvider - Starting without optional epoll library
2021-11-09 18:22:48,723 [parallel-1] INFO  KqueueProvider - Starting without optional kqueue library
